

[INFO ] 2017-12-02 14:17:11,542 method:org.springframework.web.servlet.FrameworkServlet.initServletBean(FrameworkServlet.java:489)
FrameworkServlet 'e3-search-web': initialization started


[INFO ] 2017-12-02 14:17:11,555 method:org.springframework.context.support.AbstractApplicationContext.prepareRefresh(AbstractApplicationContext.java:578)
Refreshing WebApplicationContext for namespace 'e3-search-web-servlet': startup date [Sat Dec 02 14:17:11 CST 2017]; root of context hierarchy


[INFO ] 2017-12-02 14:17:11,583 method:org.springframework.beans.factory.xml.XmlBeanDefinitionReader.loadBeanDefinitions(XmlBeanDefinitionReader.java:317)
Loading XML bean definitions from class path resource [spring/springmvc.xml]


[INFO ] 2017-12-02 14:17:11,822 method:
using logger: com.alibaba.dubbo.common.logger.log4j.Log4jLoggerAdapter


[INFO ] 2017-12-02 14:17:11,899 method:org.springframework.core.io.support.PropertiesLoaderSupport.loadProperties(PropertiesLoaderSupport.java:172)
Loading properties file from class path resource [conf/resource.properties]


[INFO ] 2017-12-02 14:17:11,902 method:org.springframework.beans.factory.annotation.AutowiredAnnotationBeanPostProcessor.<init>(AutowiredAnnotationBeanPostProcessor.java:153)
JSR-330 'javax.inject.Inject' annotation found and supported for autowiring


[INFO ] 2017-12-02 14:17:12,140 method:com.alibaba.dubbo.registry.support.AbstractRegistry.loadProperties(AbstractRegistry.java:232)
 [DUBBO] Load registry store file C:\Users\Administrator\.dubbo\dubbo-registry-192.168.2.11.cache, data: {cn.e3mall.content.service.ContentCategoryService=dubbo://192.168.25.1:20881/cn.e3mall.content.service.ContentCategoryService?anyhost=true&application=e3-content&dubbo=2.5.3&interface=cn.e3mall.content.service.ContentCategoryService&methods=getContentCatList,addContentCategory&pid=13752&revision=0.0.1-SNAPSHOT&side=provider&timeout=600000&timestamp=1512059553629 empty://192.168.25.1/cn.e3mall.content.service.ContentCategoryService?application=e3-manager-web&category=configurators&dubbo=2.5.3&interface=cn.e3mall.content.service.ContentCategoryService&methods=getContentCatList,addContentCategory&pid=17160&revision=0.0.1-SNAPSHOT&side=consumer&timestamp=1512059672232 empty://192.168.25.1/cn.e3mall.content.service.ContentCategoryService?application=e3-manager-web&category=routers&dubbo=2.5.3&interface=cn.e3mall.content.service.ContentCategoryService&methods=getContentCatList,addContentCategory&pid=17160&revision=0.0.1-SNAPSHOT&side=consumer&timestamp=1512059672232, cn.e3mall.content.service.ContentService=dubbo://192.168.25.1:20881/cn.e3mall.content.service.ContentService?anyhost=true&application=e3-content&dubbo=2.5.3&interface=cn.e3mall.content.service.ContentService&methods=addContent,getContentListByCid&pid=1200&revision=0.0.1-SNAPSHOT&side=provider&timeout=600000&timestamp=1512182131847 empty://192.168.25.1/cn.e3mall.content.service.ContentService?application=e3-portal-web&category=configurators&dubbo=2.5.3&interface=cn.e3mall.content.service.ContentService&methods=addContent,getContentListByCid&pid=13072&revision=0.0.1-SNAPSHOT&side=consumer&timestamp=1512182134183 empty://192.168.25.1/cn.e3mall.content.service.ContentService?application=e3-portal-web&category=routers&dubbo=2.5.3&interface=cn.e3mall.content.service.ContentService&methods=addContent,getContentListByCid&pid=13072&revision=0.0.1-SNAPSHOT&side=consumer&timestamp=1512182134183, cn.e3mall.search.service.SearchItemService=empty://192.168.25.1:20882/cn.e3mall.search.service.SearchItemService?anyhost=true&application=e3-search&category=configurators&check=false&dubbo=2.5.3&interface=cn.e3mall.search.service.SearchItemService&methods=importAllItems&pid=9460&side=provider&timeout=600000&timestamp=1512189892500, cn.e3mall.service.ItemService=empty://192.168.25.1:20880/cn.e3mall.service.ItemService?anyhost=true&application=e3-manager&category=configurators&check=false&dubbo=2.5.3&interface=cn.e3mall.service.ItemService&methods=getItemList,addItem,getItemById&pid=2980&side=provider&timeout=600000&timestamp=1512182124460, cn.e3mall.service.ItemCatService=empty://192.168.25.1:20880/cn.e3mall.service.ItemCatService?anyhost=true&application=e3-manager&category=configurators&check=false&dubbo=2.5.3&interface=cn.e3mall.service.ItemCatService&methods=getItemCatlist&pid=2980&side=provider&timeout=600000&timestamp=1512182133730, cn.e3mall.search.service.SearchService=dubbo://192.168.25.1:20882/cn.e3mall.search.service.SearchService?anyhost=true&application=e3-search&dubbo=2.5.3&interface=cn.e3mall.search.service.SearchService&methods=search&pid=9460&side=provider&timeout=600000&timestamp=1512189901882 empty://192.168.25.1/cn.e3mall.search.service.SearchService?application=e3-search-web&category=configurators&dubbo=2.5.3&interface=cn.e3mall.search.service.SearchService&methods=search&pid=6648&revision=0.0.1-SNAPSHOT&side=consumer&timestamp=1512189903447 empty://192.168.25.1/cn.e3mall.search.service.SearchService?application=e3-search-web&category=routers&dubbo=2.5.3&interface=cn.e3mall.search.service.SearchService&methods=search&pid=6648&revision=0.0.1-SNAPSHOT&side=consumer&timestamp=1512189903447}, dubbo version: 2.5.3, current host: 127.0.0.1


[INFO ] 2017-12-02 14:17:12,152 method:org.I0Itec.zkclient.ZkEventThread.run(ZkEventThread.java:64)
Starting ZkClient event thread.


[INFO ] 2017-12-02 14:17:21,171 method:org.apache.zookeeper.Environment.logEnv(Environment.java:100)
Client environment:zookeeper.version=3.4.7-1713338, built on 11/09/2015 04:32 GMT


[INFO ] 2017-12-02 14:17:21,173 method:org.apache.zookeeper.Environment.logEnv(Environment.java:100)
Client environment:host.name=PC2016


[INFO ] 2017-12-02 14:17:21,174 method:org.apache.zookeeper.Environment.logEnv(Environment.java:100)
Client environment:java.version=1.7.0_72


[INFO ] 2017-12-02 14:17:21,174 method:org.apache.zookeeper.Environment.logEnv(Environment.java:100)
Client environment:java.vendor=Oracle Corporation


[INFO ] 2017-12-02 14:17:21,175 method:org.apache.zookeeper.Environment.logEnv(Environment.java:100)
Client environment:java.home=D:\Develop\Java\jdk1.7.0_72\jre


[INFO ] 2017-12-02 14:17:21,176 method:org.apache.zookeeper.Environment.logEnv(Environment.java:100)
Client environment:java.class.path=D:\Develop\apache-maven-3.3.9\boot\plexus-classworlds-2.5.2.jar


[INFO ] 2017-12-02 14:17:21,176 method:org.apache.zookeeper.Environment.logEnv(Environment.java:100)
Client environment:java.library.path=D:\Develop\Java\jdk1.7.0_72\bin;C:\WINDOWS\Sun\Java\bin;C:\WINDOWS\system32;C:\WINDOWS;D:/Develop/Java/jdk1.7.0_72/bin/../jre/bin/client;D:/Develop/Java/jdk1.7.0_72/bin/../jre/bin;D:/Develop/Java/jdk1.7.0_72/bin/../jre/lib/i386;D:\Develop\Java\jdk1.7.0_72\bin;C:\Windows\system32;C:\Windows;C:\Windows\System32\Wbem;C:\Windows\System32\WindowsPowerShell\v1.0\;C:\Program Files (x86)\NVIDIA Corporation\PhysX\Common;C:\WINDOWS\system32;C:\WINDOWS;C:\WINDOWS\System32\Wbem;C:\WINDOWS\System32\WindowsPowerShell\v1.0\;D:\Server\mysql\bin;C:\Program Files\TortoiseSVN\bin;C:\Program Files\nodejs\;D:\Develop\apache-maven-3.3.9\bin;C:\Users\Administrator\AppData\Local\Microsoft\WindowsApps;C:\Users\Administrator\AppData\Local\Programs\Fiddler;C:\Program Files\Microsoft VS Code\bin;C:\Users\Administrator\AppData\Roaming\npm;%USERPROFILE%\AppData\Local\Microsoft\WindowsApps;;D:\eclipse;;.


[INFO ] 2017-12-02 14:17:21,177 method:org.apache.zookeeper.Environment.logEnv(Environment.java:100)
Client environment:java.io.tmpdir=C:\Users\ADMINI~1\AppData\Local\Temp\


[INFO ] 2017-12-02 14:17:21,178 method:org.apache.zookeeper.Environment.logEnv(Environment.java:100)
Client environment:java.compiler=<NA>


[INFO ] 2017-12-02 14:17:21,180 method:org.apache.zookeeper.Environment.logEnv(Environment.java:100)
Client environment:os.name=Windows 8.1


[INFO ] 2017-12-02 14:17:21,181 method:org.apache.zookeeper.Environment.logEnv(Environment.java:100)
Client environment:os.arch=x86


[INFO ] 2017-12-02 14:17:21,181 method:org.apache.zookeeper.Environment.logEnv(Environment.java:100)
Client environment:os.version=6.3


[INFO ] 2017-12-02 14:17:21,182 method:org.apache.zookeeper.Environment.logEnv(Environment.java:100)
Client environment:user.name=XH2016


[INFO ] 2017-12-02 14:17:21,183 method:org.apache.zookeeper.Environment.logEnv(Environment.java:100)
Client environment:user.home=C:\Users\Administrator


[INFO ] 2017-12-02 14:17:21,183 method:org.apache.zookeeper.Environment.logEnv(Environment.java:100)
Client environment:user.dir=D:\workspace\e3-search-web


[INFO ] 2017-12-02 14:17:21,186 method:org.apache.zookeeper.ZooKeeper.<init>(ZooKeeper.java:438)
Initiating client connection, connectString=192.168.2.11:2181 sessionTimeout=30000 watcher=org.I0Itec.zkclient.ZkClient@1a7f3ab


[INFO ] 2017-12-02 14:17:21,231 method:org.apache.zookeeper.ClientCnxn$SendThread.logStartConnect(ClientCnxn.java:1032)
Opening socket connection to server 192.168.2.11/192.168.2.11:2181. Will not attempt to authenticate using SASL (unknown error)


[INFO ] 2017-12-02 14:17:21,233 method:org.apache.zookeeper.ClientCnxn$SendThread.primeConnection(ClientCnxn.java:876)
Socket connection established to 192.168.2.11/192.168.2.11:2181, initiating session


[INFO ] 2017-12-02 14:17:21,240 method:org.apache.zookeeper.ClientCnxn$SendThread.onConnected(ClientCnxn.java:1299)
Session establishment complete on server 192.168.2.11/192.168.2.11:2181, sessionid = 0x15fe71a50610017, negotiated timeout = 30000


[INFO ] 2017-12-02 14:17:21,242 method:org.I0Itec.zkclient.ZkClient.processStateChanged(ZkClient.java:449)
zookeeper state changed (SyncConnected)


[INFO ] 2017-12-02 14:17:21,268 method:com.alibaba.dubbo.registry.support.AbstractRegistry.register(AbstractRegistry.java:302)
 [DUBBO] Register: consumer://192.168.25.1/cn.e3mall.search.service.SearchService?application=e3-search-web&category=consumers&check=false&dubbo=2.5.3&interface=cn.e3mall.search.service.SearchService&methods=search&pid=5492&revision=0.0.1-SNAPSHOT&side=consumer&timestamp=1512195432087, dubbo version: 2.5.3, current host: 192.168.25.1


[INFO ] 2017-12-02 14:17:21,285 method:com.alibaba.dubbo.registry.support.AbstractRegistry.subscribe(AbstractRegistry.java:325)
 [DUBBO] Subscribe: consumer://192.168.25.1/cn.e3mall.search.service.SearchService?application=e3-search-web&category=providers,configurators,routers&dubbo=2.5.3&interface=cn.e3mall.search.service.SearchService&methods=search&pid=5492&revision=0.0.1-SNAPSHOT&side=consumer&timestamp=1512195432087, dubbo version: 2.5.3, current host: 192.168.25.1


[INFO ] 2017-12-02 14:17:21,302 method:com.alibaba.dubbo.registry.support.AbstractRegistry.notify(AbstractRegistry.java:422)
 [DUBBO] Notify urls for subscribe url consumer://192.168.25.1/cn.e3mall.search.service.SearchService?application=e3-search-web&category=providers,configurators,routers&dubbo=2.5.3&interface=cn.e3mall.search.service.SearchService&methods=search&pid=5492&revision=0.0.1-SNAPSHOT&side=consumer&timestamp=1512195432087, urls: [dubbo://192.168.25.1:20882/cn.e3mall.search.service.SearchService?anyhost=true&application=e3-search&dubbo=2.5.3&interface=cn.e3mall.search.service.SearchService&methods=search&pid=9460&side=provider&timeout=600000&timestamp=1512189901882, empty://192.168.25.1/cn.e3mall.search.service.SearchService?application=e3-search-web&category=configurators&dubbo=2.5.3&interface=cn.e3mall.search.service.SearchService&methods=search&pid=5492&revision=0.0.1-SNAPSHOT&side=consumer&timestamp=1512195432087, empty://192.168.25.1/cn.e3mall.search.service.SearchService?application=e3-search-web&category=routers&dubbo=2.5.3&interface=cn.e3mall.search.service.SearchService&methods=search&pid=5492&revision=0.0.1-SNAPSHOT&side=consumer&timestamp=1512195432087], dubbo version: 2.5.3, current host: 192.168.25.1


[INFO ] 2017-12-02 14:17:21,420 method:com.alibaba.dubbo.remoting.transport.AbstractClient.connect(AbstractClient.java:287)
 [DUBBO] Successed connect to server /192.168.25.1:20882 from NettyClient 192.168.25.1 using dubbo version 2.5.3, channel is NettyChannel [channel=[id: 0x5336d9da, /192.168.25.1:63450 => /192.168.25.1:20882]], dubbo version: 2.5.3, current host: 192.168.25.1


[INFO ] 2017-12-02 14:17:21,420 method:com.alibaba.dubbo.remoting.transport.AbstractClient.<init>(AbstractClient.java:105)
 [DUBBO] Start NettyClient PC2016/192.168.25.1 connect to the server /192.168.25.1:20882, dubbo version: 2.5.3, current host: 192.168.25.1


[INFO ] 2017-12-02 14:17:21,457 method:com.alibaba.dubbo.config.ReferenceConfig.createProxy(ReferenceConfig.java:423)
 [DUBBO] Refer dubbo service cn.e3mall.search.service.SearchService from url zookeeper://192.168.2.11:2181/com.alibaba.dubbo.registry.RegistryService?anyhost=true&application=e3-search-web&check=false&dubbo=2.5.3&interface=cn.e3mall.search.service.SearchService&methods=search&pid=5492&revision=0.0.1-SNAPSHOT&side=consumer&timeout=600000&timestamp=1512195432087, dubbo version: 2.5.3, current host: 192.168.25.1


[INFO ] 2017-12-02 14:17:21,545 method:org.springframework.web.servlet.handler.AbstractHandlerMethodMapping$MappingRegistry.register(AbstractHandlerMethodMapping.java:527)
Mapped "{[/search]}" onto public java.lang.String cn.e3mall.search.controller.SearchController.searchItemList(java.lang.String,java.lang.Integer,org.springframework.ui.Model) throws java.lang.Exception


[INFO ] 2017-12-02 14:17:21,817 method:org.springframework.web.servlet.mvc.method.annotation.RequestMappingHandlerAdapter.initControllerAdviceCache(RequestMappingHandlerAdapter.java:532)
Looking for @ControllerAdvice: WebApplicationContext for namespace 'e3-search-web-servlet': startup date [Sat Dec 02 14:17:11 CST 2017]; root of context hierarchy


[INFO ] 2017-12-02 14:17:21,846 method:org.springframework.web.servlet.mvc.method.annotation.RequestMappingHandlerAdapter.initControllerAdviceCache(RequestMappingHandlerAdapter.java:532)
Looking for @ControllerAdvice: WebApplicationContext for namespace 'e3-search-web-servlet': startup date [Sat Dec 02 14:17:11 CST 2017]; root of context hierarchy


[INFO ] 2017-12-02 14:17:21,907 method:org.springframework.web.servlet.FrameworkServlet.initServletBean(FrameworkServlet.java:508)
FrameworkServlet 'e3-search-web': initialization completed in 10363 ms


[INFO ] 2017-12-02 14:18:03,133 method:cn.e3mall.search.exception.GlobalExceptionResolver.resolveException(GlobalExceptionResolver.java:23)
系统发生异常...


[ERROR] 2017-12-02 14:18:03,133 method:cn.e3mall.search.exception.GlobalExceptionResolver.resolveException(GlobalExceptionResolver.java:24)
系统发生异常
java.lang.ArithmeticException: / by zero
	at cn.e3mall.search.controller.SearchController.searchItemList(SearchController.java:41)
	at sun.reflect.NativeMethodAccessorImpl.invoke0(Native Method)
	at sun.reflect.NativeMethodAccessorImpl.invoke(NativeMethodAccessorImpl.java:57)
	at sun.reflect.DelegatingMethodAccessorImpl.invoke(DelegatingMethodAccessorImpl.java:43)
	at java.lang.reflect.Method.invoke(Method.java:606)
	at org.springframework.web.method.support.InvocableHandlerMethod.doInvoke(InvocableHandlerMethod.java:222)
	at org.springframework.web.method.support.InvocableHandlerMethod.invokeForRequest(InvocableHandlerMethod.java:137)
	at org.springframework.web.servlet.mvc.method.annotation.ServletInvocableHandlerMethod.invokeAndHandle(ServletInvocableHandlerMethod.java:110)
	at org.springframework.web.servlet.mvc.method.annotation.RequestMappingHandlerAdapter.invokeHandlerMethod(RequestMappingHandlerAdapter.java:814)
	at org.springframework.web.servlet.mvc.method.annotation.RequestMappingHandlerAdapter.handleInternal(RequestMappingHandlerAdapter.java:737)
	at org.springframework.web.servlet.mvc.method.AbstractHandlerMethodAdapter.handle(AbstractHandlerMethodAdapter.java:85)
	at org.springframework.web.servlet.DispatcherServlet.doDispatch(DispatcherServlet.java:959)
	at org.springframework.web.servlet.DispatcherServlet.doService(DispatcherServlet.java:893)
	at org.springframework.web.servlet.FrameworkServlet.processRequest(FrameworkServlet.java:969)
	at org.springframework.web.servlet.FrameworkServlet.doGet(FrameworkServlet.java:860)
	at javax.servlet.http.HttpServlet.service(HttpServlet.java:621)
	at org.springframework.web.servlet.FrameworkServlet.service(FrameworkServlet.java:845)
	at javax.servlet.http.HttpServlet.service(HttpServlet.java:728)
	at org.apache.catalina.core.ApplicationFilterChain.internalDoFilter(ApplicationFilterChain.java:305)
	at org.apache.catalina.core.ApplicationFilterChain.doFilter(ApplicationFilterChain.java:210)
	at org.apache.tomcat.websocket.server.WsFilter.doFilter(WsFilter.java:51)
	at org.apache.catalina.core.ApplicationFilterChain.internalDoFilter(ApplicationFilterChain.java:243)
	at org.apache.catalina.core.ApplicationFilterChain.doFilter(ApplicationFilterChain.java:210)
	at org.springframework.web.filter.CharacterEncodingFilter.doFilterInternal(CharacterEncodingFilter.java:121)
	at org.springframework.web.filter.OncePerRequestFilter.doFilter(OncePerRequestFilter.java:107)
	at org.apache.catalina.core.ApplicationFilterChain.internalDoFilter(ApplicationFilterChain.java:243)
	at org.apache.catalina.core.ApplicationFilterChain.doFilter(ApplicationFilterChain.java:210)
	at org.apache.catalina.core.StandardWrapperValve.invoke(StandardWrapperValve.java:222)
	at org.apache.catalina.core.StandardContextValve.invoke(StandardContextValve.java:123)
	at org.apache.catalina.authenticator.AuthenticatorBase.invoke(AuthenticatorBase.java:502)
	at org.apache.catalina.core.StandardHostValve.invoke(StandardHostValve.java:171)
	at org.apache.catalina.valves.ErrorReportValve.invoke(ErrorReportValve.java:100)
	at org.apache.catalina.valves.AccessLogValve.invoke(AccessLogValve.java:953)
	at org.apache.catalina.core.StandardEngineValve.invoke(StandardEngineValve.java:118)
	at org.apache.catalina.connector.CoyoteAdapter.service(CoyoteAdapter.java:408)
	at org.apache.coyote.http11.AbstractHttp11Processor.process(AbstractHttp11Processor.java:1041)
	at org.apache.coyote.AbstractProtocol$AbstractConnectionHandler.process(AbstractProtocol.java:603)
	at org.apache.tomcat.util.net.JIoEndpoint$SocketProcessor.run(JIoEndpoint.java:310)
	at java.util.concurrent.ThreadPoolExecutor.runWorker(ThreadPoolExecutor.java:1145)
	at java.util.concurrent.ThreadPoolExecutor$Worker.run(ThreadPoolExecutor.java:615)
	at java.lang.Thread.run(Thread.java:745)
